<?xml version="1.0" encoding="UTF-8"?>
<!-- Generated by org.testng.reporters.JUnitXMLReporter -->
<testsuite ignored="0" hostname="DESKTOP-PLKTI5D" failures="0" tests="3" name="Default test" time="37.093" errors="0" timestamp="2023-07-09T21:45:01 IST">
  <testcase classname="TestCases.LoginTestCase" name="VerifyLogin" time="0.396"/>
  <testcase classname="TestCases.LoginTestCase" name="VerifyLogin" time="1.749"/>
  <testcase classname="TestCases.LoginTestCase" name="VerifyLogin" time="0.799"/>
</testsuite> <!-- Default test -->
