<?xml version="1.0" encoding="UTF-8"?>
<testng-results ignored="0" total="3" passed="3" failed="0" skipped="0">
  <reporter-output>
  </reporter-output>
  <suite started-at="2023-07-09T21:44:24 IST" name="Default suite" finished-at="2023-07-09T21:45:01 IST" duration-ms="37093">
    <groups>
    </groups>
    <test started-at="2023-07-09T21:44:24 IST" name="Default test" finished-at="2023-07-09T21:45:01 IST" duration-ms="37093">
      <class name="TestCases.LoginTestCase">
        <test-method is-config="true" signature="launchBrowserandURL()[pri:0, instance:TestCases.LoginTestCase@5656be13]" started-at="2023-07-09T21:44:24 IST" name="launchBrowserandURL" finished-at="2023-07-09T21:44:32 IST" duration-ms="8115" status="PASS">
          <reporter-output>
          </reporter-output>
        </test-method> <!-- launchBrowserandURL -->
        <test-method signature="VerifyLogin(java.lang.String,java.lang.String)[pri:0, instance:TestCases.LoginTestCase@5656be13]" started-at="2023-07-09T21:44:32 IST" name="VerifyLogin" data-provider="testData" finished-at="2023-07-09T21:44:32 IST" duration-ms="396" status="PASS">
          <params>
            <param index="0">
              <value>
                <![CDATA[rahul]]>
              </value>
            </param>
            <param index="1">
              <value>
                <![CDATA[secure123]]>
              </value>
            </param>
          </params>
          <reporter-output>
          </reporter-output>
        </test-method> <!-- VerifyLogin -->
        <test-method is-config="true" signature="launchBrowserandURL()[pri:0, instance:TestCases.LoginTestCase@5656be13]" started-at="2023-07-09T21:44:32 IST" name="launchBrowserandURL" finished-at="2023-07-09T21:44:47 IST" duration-ms="14569" status="PASS">
          <reporter-output>
          </reporter-output>
        </test-method> <!-- launchBrowserandURL -->
        <test-method signature="VerifyLogin(java.lang.String,java.lang.String)[pri:0, instance:TestCases.LoginTestCase@5656be13]" started-at="2023-07-09T21:44:47 IST" name="VerifyLogin" data-provider="testData" finished-at="2023-07-09T21:44:49 IST" duration-ms="1749" status="PASS">
          <params>
            <param index="0">
              <value>
                <![CDATA[ram]]>
              </value>
            </param>
            <param index="1">
              <value>
                <![CDATA[secure1234]]>
              </value>
            </param>
          </params>
          <reporter-output>
          </reporter-output>
        </test-method> <!-- VerifyLogin -->
        <test-method is-config="true" signature="launchBrowserandURL()[pri:0, instance:TestCases.LoginTestCase@5656be13]" started-at="2023-07-09T21:44:49 IST" name="launchBrowserandURL" finished-at="2023-07-09T21:45:00 IST" duration-ms="11281" status="PASS">
          <reporter-output>
          </reporter-output>
        </test-method> <!-- launchBrowserandURL -->
        <test-method signature="VerifyLogin(java.lang.String,java.lang.String)[pri:0, instance:TestCases.LoginTestCase@5656be13]" started-at="2023-07-09T21:45:00 IST" name="VerifyLogin" data-provider="testData" finished-at="2023-07-09T21:45:01 IST" duration-ms="799" status="PASS">
          <params>
            <param index="0">
              <value>
                <![CDATA[ramesh]]>
              </value>
            </param>
            <param index="1">
              <value>
                <![CDATA[secure12345]]>
              </value>
            </param>
          </params>
          <reporter-output>
          </reporter-output>
        </test-method> <!-- VerifyLogin -->
      </class> <!-- TestCases.LoginTestCase -->
    </test> <!-- Default test -->
  </suite> <!-- Default suite -->
</testng-results>
